<?xml version="1.0" encoding="UTF-8" ?>
<testsuite failures="0" time="0.02" errors="0" skipped="0" tests="1" name="cgl.iotcloud.samples.arducopter.AppTest">
  <properties>
    <property name="java.runtime.name" value="Java(TM) SE Runtime Environment"/>
    <property name="sun.boot.library.path" value="/home/sensor15/idea/jdk1.7.0_09/jre/lib/amd64"/>
    <property name="java.vm.version" value="23.5-b02"/>
    <property name="java.vm.vendor" value="Oracle Corporation"/>
    <property name="java.vendor.url" value="http://java.oracle.com/"/>
    <property name="path.separator" value=":"/>
    <property name="java.vm.name" value="Java HotSpot(TM) 64-Bit Server VM"/>
    <property name="file.encoding.pkg" value="sun.io"/>
    <property name="user.country" value="US"/>
    <property name="sun.java.launcher" value="SUN_STANDARD"/>
    <property name="sun.os.patch.level" value="unknown"/>
    <property name="java.vm.specification.name" value="Java Virtual Machine Specification"/>
    <property name="user.dir" value="/home/sensor15/IoTCloud/modules/samples/arducopter"/>
    <property name="java.runtime.version" value="1.7.0_09-b05"/>
    <property name="java.awt.graphicsenv" value="sun.awt.X11GraphicsEnvironment"/>
    <property name="basedir" value="/home/sensor15/IoTCloud/modules/samples/arducopter"/>
    <property name="java.endorsed.dirs" value="/home/sensor15/idea/jdk1.7.0_09/jre/lib/endorsed"/>
    <property name="os.arch" value="amd64"/>
    <property name="surefire.real.class.path" value="/tmp/surefirebooter8318822312618635908.jar"/>
    <property name="java.io.tmpdir" value="/tmp"/>
    <property name="line.separator" value="
"/>
    <property name="java.vm.specification.vendor" value="Oracle Corporation"/>
    <property name="os.name" value="Linux"/>
    <property name="sun.jnu.encoding" value="UTF-8"/>
    <property name="java.library.path" value="/usr/java/packages/lib/amd64:/usr/lib64:/lib64:/lib:/usr/lib"/>
    <property name="surefire.test.class.path" value="/home/sensor15/IoTCloud/modules/samples/arducopter/target/test-classes:/home/sensor15/IoTCloud/modules/samples/arducopter/target/classes:/home/sensor15/IoTCloud/modules/samples/common/target/iotcloud-samples-common-1.0-SNAPSHOT.jar:/home/sensor15/.m2/repository/org/slf4j/slf4j-api/1.6.2/slf4j-api-1.6.2.jar:/home/sensor15/.m2/repository/org/slf4j/slf4j-jcl/1.6.2/slf4j-jcl-1.6.2.jar:/home/sensor15/.m2/repository/commons-logging/commons-logging/1.1.1/commons-logging-1.1.1.jar:/home/sensor15/.m2/repository/org/slf4j/slf4j-log4j12/1.6.2/slf4j-log4j12-1.6.2.jar:/home/sensor15/.m2/repository/log4j/log4j/1.2.14/log4j-1.2.14.jar:/home/sensor15/.m2/repository/org/rxtx/rxtx/2.1.7/rxtx-2.1.7.jar:/home/sensor15/IoTCloud/modules/core/target/iotcloud-core-1.0-SNAPSHOT.jar:/home/sensor15/.m2/repository/org/apache/geronimo/specs/geronimo-jms_1.1_spec/1.1/geronimo-jms_1.1_spec-1.1.jar:/home/sensor15/.m2/repository/org/apache/geronimo/specs/geronimo-jta_1.0.1B_spec/1.0/geronimo-jta_1.0.1B_spec-1.0.jar:/home/sensor15/.m2/repository/org/apache/xmlbeans/xmlbeans/2.4.0/xmlbeans-2.4.0.jar:/home/sensor15/.m2/repository/stax/stax-api/1.0.1/stax-api-1.0.1.jar:/home/sensor15/.m2/repository/org/eclipse/jetty/aggregate/jetty-all/8.1.3.v20120416/jetty-all-8.1.3.v20120416.jar:/home/sensor15/.m2/repository/org/eclipse/jetty/orbit/javax.servlet/3.0.0.v201112011016/javax.servlet-3.0.0.v201112011016.jar:/home/sensor15/.m2/repository/org/apache/axis2/axis2-kernel/1.6.1/axis2-kernel-1.6.1.jar:/home/sensor15/.m2/repository/org/apache/ws/commons/axiom/axiom-api/1.2.12/axiom-api-1.2.12.jar:/home/sensor15/.m2/repository/org/apache/geronimo/specs/geronimo-activation_1.1_spec/1.0.2/geronimo-activation_1.1_spec-1.0.2.jar:/home/sensor15/.m2/repository/org/apache/geronimo/specs/geronimo-javamail_1.4_spec/1.6/geronimo-javamail_1.4_spec-1.6.jar:/home/sensor15/.m2/repository/jaxen/jaxen/1.1.1/jaxen-1.1.1.jar:/home/sensor15/.m2/repository/org/apache/geronimo/specs/geronimo-stax-api_1.0_spec/1.0.1/geronimo-stax-api_1.0_spec-1.0.1.jar:/home/sensor15/.m2/repository/org/apache/ws/commons/axiom/axiom-impl/1.2.12/axiom-impl-1.2.12.jar:/home/sensor15/.m2/repository/org/codehaus/woodstox/wstx-asl/3.2.9/wstx-asl-3.2.9.jar:/home/sensor15/.m2/repository/org/apache/geronimo/specs/geronimo-ws-metadata_2.0_spec/1.1.2/geronimo-ws-metadata_2.0_spec-1.1.2.jar:/home/sensor15/.m2/repository/org/apache/geronimo/specs/geronimo-jta_1.1_spec/1.1/geronimo-jta_1.1_spec-1.1.jar:/home/sensor15/.m2/repository/javax/servlet/servlet-api/2.3/servlet-api-2.3.jar:/home/sensor15/.m2/repository/commons-httpclient/commons-httpclient/3.1/commons-httpclient-3.1.jar:/home/sensor15/.m2/repository/commons-codec/commons-codec/1.4/commons-codec-1.4.jar:/home/sensor15/.m2/repository/commons-fileupload/commons-fileupload/1.2/commons-fileupload-1.2.jar:/home/sensor15/.m2/repository/wsdl4j/wsdl4j/1.6.2/wsdl4j-1.6.2.jar:/home/sensor15/.m2/repository/org/apache/ws/commons/schema/XmlSchema/1.4.7/XmlSchema-1.4.7.jar:/home/sensor15/.m2/repository/org/apache/neethi/neethi/3.0.1/neethi-3.0.1.jar:/home/sensor15/.m2/repository/org/apache/woden/woden-api/1.0M9/woden-api-1.0M9.jar:/home/sensor15/.m2/repository/org/apache/woden/woden-impl-dom/1.0M9/woden-impl-dom-1.0M9.jar:/home/sensor15/.m2/repository/org/apache/woden/woden-impl-commons/1.0M9/woden-impl-commons-1.0M9.jar:/home/sensor15/.m2/repository/javax/ws/rs/jsr311-api/1.0/jsr311-api-1.0.jar:/home/sensor15/.m2/repository/org/apache/axis2/axis2-transport-http/1.6.1/axis2-transport-http-1.6.1.jar:/home/sensor15/.m2/repository/org/apache/httpcomponents/httpcore/4.2-beta1/httpcore-4.2-beta1.jar:/home/sensor15/.m2/repository/org/apache/axis2/axis2-transport-local/1.6.1/axis2-transport-local-1.6.1.jar:/home/sensor15/.m2/repository/org/apache/axis2/axis2-adb/1.6.1/axis2-adb-1.6.1.jar:/home/sensor15/.m2/repository/org/apache/activemq/activemq-core/5.5.0/activemq-core-5.5.0.jar:/home/sensor15/.m2/repository/org/apache/activemq/activeio-core/3.1.2/activeio-core-3.1.2.jar:/home/sensor15/.m2/repository/org/apache/geronimo/specs/geronimo-j2ee-management_1.1_spec/1.0.1/geronimo-j2ee-management_1.1_spec-1.0.1.jar:/home/sensor15/.m2/repository/org/apache/activemq/kahadb/5.5.0/kahadb-5.5.0.jar:/home/sensor15/.m2/repository/org/apache/activemq/protobuf/activemq-protobuf/1.1/activemq-protobuf-1.1.jar:/home/sensor15/.m2/repository/org/osgi/org.osgi.core/4.1.0/org.osgi.core-4.1.0.jar:/home/sensor15/.m2/repository/org/springframework/spring-context/3.0.3.RELEASE/spring-context-3.0.3.RELEASE.jar:/home/sensor15/.m2/repository/org/springframework/spring-aop/3.0.3.RELEASE/spring-aop-3.0.3.RELEASE.jar:/home/sensor15/.m2/repository/aopalliance/aopalliance/1.0/aopalliance-1.0.jar:/home/sensor15/.m2/repository/org/springframework/spring-asm/3.0.3.RELEASE/spring-asm-3.0.3.RELEASE.jar:/home/sensor15/.m2/repository/org/springframework/spring-beans/3.0.3.RELEASE/spring-beans-3.0.3.RELEASE.jar:/home/sensor15/.m2/repository/org/springframework/spring-core/3.0.3.RELEASE/spring-core-3.0.3.RELEASE.jar:/home/sensor15/.m2/repository/org/springframework/spring-expression/3.0.3.RELEASE/spring-expression-3.0.3.RELEASE.jar:/home/sensor15/.m2/repository/commons-net/commons-net/2.0/commons-net-2.0.jar:/home/sensor15/.m2/repository/org/jasypt/jasypt/1.7/jasypt-1.7.jar:/home/sensor15/IoTCloud/modules/streaming-server/target/iotcloud-streaming-server-1.0-SNAPSHOT.jar:/home/sensor15/.m2/repository/org/jboss/errai/io/netty/netty/4.0.0.Alpha1.errai.r1/netty-4.0.0.Alpha1.errai.r1.jar:/home/sensor15/.m2/repository/org/apache/httpcomponents/httpcore-nio/4.2-beta1/httpcore-nio-4.2-beta1.jar:/home/sensor15/.m2/repository/org/eclipse/jdt/core/compiler/ecj/3.7.1/ecj-3.7.1.jar:/home/sensor15/.m2/repository/org/apache/tomcat/embed/tomcat-embed-core/7.0.27/tomcat-embed-core-7.0.27.jar:/home/sensor15/.m2/repository/org/apache/tomcat/embed/tomcat-embed-logging-juli/7.0.27/tomcat-embed-logging-juli-7.0.27.jar:/home/sensor15/.m2/repository/org/apache/tomcat/embed/tomcat-embed-logging-log4j/7.0.27/tomcat-embed-logging-log4j-7.0.27.jar:/home/sensor15/.m2/repository/org/apache/tomcat/embed/tomcat-embed-jasper/7.0.27/tomcat-embed-jasper-7.0.27.jar:/home/sensor15/.m2/repository/org/jboss/resteasy/resteasy-jaxrs/2.1.0.GA/resteasy-jaxrs-2.1.0.GA.jar:/home/sensor15/.m2/repository/org/jboss/resteasy/jaxrs-api/2.1.0.GA/jaxrs-api-2.1.0.GA.jar:/home/sensor15/.m2/repository/org/scannotation/scannotation/1.0.2/scannotation-1.0.2.jar:/home/sensor15/.m2/repository/javassist/javassist/3.6.0.GA/javassist-3.6.0.GA.jar:/home/sensor15/.m2/repository/javax/annotation/jsr250-api/1.0/jsr250-api-1.0.jar:/home/sensor15/.m2/repository/javax/activation/activation/1.1/activation-1.1.jar:/home/sensor15/.m2/repository/org/apache/httpcomponents/httpclient/4.2-beta1/httpclient-4.2-beta1.jar:/home/sensor15/.m2/repository/net/jcip/jcip-annotations/1.0/jcip-annotations-1.0.jar:/home/sensor15/.m2/repository/org/apache/jackrabbit/jackrabbit-core/2.4.3/jackrabbit-core-2.4.3.jar:/home/sensor15/.m2/repository/concurrent/concurrent/1.3.4/concurrent-1.3.4.jar:/home/sensor15/.m2/repository/commons-collections/commons-collections/3.2.1/commons-collections-3.2.1.jar:/home/sensor15/.m2/repository/commons-io/commons-io/1.4/commons-io-1.4.jar:/home/sensor15/.m2/repository/commons-dbcp/commons-dbcp/1.3/commons-dbcp-1.3.jar:/home/sensor15/.m2/repository/commons-pool/commons-pool/1.6/commons-pool-1.6.jar:/home/sensor15/.m2/repository/org/apache/jackrabbit/jackrabbit-api/2.4.3/jackrabbit-api-2.4.3.jar:/home/sensor15/.m2/repository/org/apache/jackrabbit/jackrabbit-jcr-commons/2.4.3/jackrabbit-jcr-commons-2.4.3.jar:/home/sensor15/.m2/repository/org/apache/jackrabbit/jackrabbit-spi-commons/2.4.3/jackrabbit-spi-commons-2.4.3.jar:/home/sensor15/.m2/repository/org/apache/jackrabbit/jackrabbit-spi/2.4.3/jackrabbit-spi-2.4.3.jar:/home/sensor15/.m2/repository/org/apache/tika/tika-core/1.0/tika-core-1.0.jar:/home/sensor15/.m2/repository/org/apache/lucene/lucene-core/3.0.3/lucene-core-3.0.3.jar:/home/sensor15/.m2/repository/org/apache/derby/derby/10.5.3.0_1/derby-10.5.3.0_1.jar:/home/sensor15/.m2/repository/org/apache/jackrabbit/jackrabbit-jcr-rmi/2.4.3/jackrabbit-jcr-rmi-2.4.3.jar:/home/sensor15/.m2/repository/javax/jcr/jcr/2.0/jcr-2.0.jar:/home/sensor15/IoTCloud/modules/sensors/target/iotcloud-sensors-1.0-SNAPSHOT.jar:/home/sensor15/.m2/repository/org/apache/axis2/axis2-codegen/1.6.1/axis2-codegen-1.6.1.jar:/home/sensor15/.m2/repository/org/apache/axis2/axis2-adb-codegen/1.6.1/axis2-adb-codegen-1.6.1.jar:/home/sensor15/.m2/repository/commons-cli/commons-cli/1.2/commons-cli-1.2.jar:/home/sensor15/IoTCloud/modules/http-api/target/iotcloud-http-api-1.0-SNAPSHOT.jar:/home/sensor15/.m2/repository/org/jboss/resteasy/resteasy-jaxb-provider/2.1.0.GA/resteasy-jaxb-provider-2.1.0.GA.jar:/home/sensor15/.m2/repository/com/sun/xml/bind/jaxb-impl/2.1.12/jaxb-impl-2.1.12.jar:/home/sensor15/.m2/repository/javax/xml/bind/jaxb-api/2.1/jaxb-api-2.1.jar:/home/sensor15/.m2/repository/javax/xml/stream/stax-api/1.0/stax-api-1.0.jar:/home/sensor15/.m2/repository/com/sun/xml/stream/sjsxp/1.0.1/sjsxp-1.0.1.jar:/home/sensor15/.m2/repository/org/jboss/resteasy/resteasy-jettison-provider/2.1.0.GA/resteasy-jettison-provider-2.1.0.GA.jar:/home/sensor15/.m2/repository/org/codehaus/jettison/jettison/1.1/jettison-1.1.jar:/home/sensor15/IoTCloud/modules/clients/target/iotcloud-clients-1.0-SNAPSHOT.jar:/home/sensor15/.m2/repository/ros/rosjava_core/rosjava/0.0.0-SNAPSHOT/rosjava-0.0.0-SNAPSHOT.jar:/home/sensor15/.m2/repository/ros/rosjava_core/apache_xmlrpc_server/0.0.0-SNAPSHOT/apache_xmlrpc_server-0.0.0-SNAPSHOT.jar:/home/sensor15/.m2/repository/ros/rosjava_core/apache_xmlrpc_common/0.0.0-SNAPSHOT/apache_xmlrpc_common-0.0.0-SNAPSHOT.jar:/home/sensor15/.m2/repository/org/apache/ws/commons/ws-commons-util/1.0.1/ws-commons-util-1.0.1.jar:/home/sensor15/.m2/repository/junit/junit/3.8.1/junit-3.8.1.jar:/home/sensor15/.m2/repository/xml-apis/xml-apis/1.0.b2/xml-apis-1.0.b2.jar:/home/sensor15/.m2/repository/ros/rosjava_core/apache_xmlrpc_client/0.0.0-SNAPSHOT/apache_xmlrpc_client-0.0.0-SNAPSHOT.jar:/home/sensor15/.m2/repository/ros/rosjava_core/rosjava_bootstrap/0.0.0-SNAPSHOT/rosjava_bootstrap-0.0.0-SNAPSHOT.jar:/home/sensor15/.m2/repository/com/google/guava/guava/12.0/guava-12.0.jar:/home/sensor15/.m2/repository/com/google/code/findbugs/jsr305/1.3.9/jsr305-1.3.9.jar:/home/sensor15/.m2/repository/io/netty/netty/3.5.2.Final/netty-3.5.2.Final.jar:/home/sensor15/.m2/repository/ros/rosjava_core/rosjava_messages/0.0.0-SNAPSHOT/rosjava_messages-0.0.0-SNAPSHOT.jar:/home/sensor15/.m2/repository/dnsjava/dnsjava/2.1.1/dnsjava-2.1.1.jar:"/>
    <property name="java.specification.name" value="Java Platform API Specification"/>
    <property name="java.class.version" value="51.0"/>
    <property name="sun.management.compiler" value="HotSpot 64-Bit Tiered Compilers"/>
    <property name="os.version" value="3.0.0-12-generic"/>
    <property name="user.home" value="/home/sensor15"/>
    <property name="user.timezone" value=""/>
    <property name="java.awt.printerjob" value="sun.print.PSPrinterJob"/>
    <property name="file.encoding" value="UTF-8"/>
    <property name="java.specification.version" value="1.7"/>
    <property name="user.name" value="sensor15"/>
    <property name="java.class.path" value="/home/sensor15/IoTCloud/modules/samples/arducopter/target/test-classes:/home/sensor15/IoTCloud/modules/samples/arducopter/target/classes:/home/sensor15/IoTCloud/modules/samples/common/target/iotcloud-samples-common-1.0-SNAPSHOT.jar:/home/sensor15/.m2/repository/org/slf4j/slf4j-api/1.6.2/slf4j-api-1.6.2.jar:/home/sensor15/.m2/repository/org/slf4j/slf4j-jcl/1.6.2/slf4j-jcl-1.6.2.jar:/home/sensor15/.m2/repository/commons-logging/commons-logging/1.1.1/commons-logging-1.1.1.jar:/home/sensor15/.m2/repository/org/slf4j/slf4j-log4j12/1.6.2/slf4j-log4j12-1.6.2.jar:/home/sensor15/.m2/repository/log4j/log4j/1.2.14/log4j-1.2.14.jar:/home/sensor15/.m2/repository/org/rxtx/rxtx/2.1.7/rxtx-2.1.7.jar:/home/sensor15/IoTCloud/modules/core/target/iotcloud-core-1.0-SNAPSHOT.jar:/home/sensor15/.m2/repository/org/apache/geronimo/specs/geronimo-jms_1.1_spec/1.1/geronimo-jms_1.1_spec-1.1.jar:/home/sensor15/.m2/repository/org/apache/geronimo/specs/geronimo-jta_1.0.1B_spec/1.0/geronimo-jta_1.0.1B_spec-1.0.jar:/home/sensor15/.m2/repository/org/apache/xmlbeans/xmlbeans/2.4.0/xmlbeans-2.4.0.jar:/home/sensor15/.m2/repository/stax/stax-api/1.0.1/stax-api-1.0.1.jar:/home/sensor15/.m2/repository/org/eclipse/jetty/aggregate/jetty-all/8.1.3.v20120416/jetty-all-8.1.3.v20120416.jar:/home/sensor15/.m2/repository/org/eclipse/jetty/orbit/javax.servlet/3.0.0.v201112011016/javax.servlet-3.0.0.v201112011016.jar:/home/sensor15/.m2/repository/org/apache/axis2/axis2-kernel/1.6.1/axis2-kernel-1.6.1.jar:/home/sensor15/.m2/repository/org/apache/ws/commons/axiom/axiom-api/1.2.12/axiom-api-1.2.12.jar:/home/sensor15/.m2/repository/org/apache/geronimo/specs/geronimo-activation_1.1_spec/1.0.2/geronimo-activation_1.1_spec-1.0.2.jar:/home/sensor15/.m2/repository/org/apache/geronimo/specs/geronimo-javamail_1.4_spec/1.6/geronimo-javamail_1.4_spec-1.6.jar:/home/sensor15/.m2/repository/jaxen/jaxen/1.1.1/jaxen-1.1.1.jar:/home/sensor15/.m2/repository/org/apache/geronimo/specs/geronimo-stax-api_1.0_spec/1.0.1/geronimo-stax-api_1.0_spec-1.0.1.jar:/home/sensor15/.m2/repository/org/apache/ws/commons/axiom/axiom-impl/1.2.12/axiom-impl-1.2.12.jar:/home/sensor15/.m2/repository/org/codehaus/woodstox/wstx-asl/3.2.9/wstx-asl-3.2.9.jar:/home/sensor15/.m2/repository/org/apache/geronimo/specs/geronimo-ws-metadata_2.0_spec/1.1.2/geronimo-ws-metadata_2.0_spec-1.1.2.jar:/home/sensor15/.m2/repository/org/apache/geronimo/specs/geronimo-jta_1.1_spec/1.1/geronimo-jta_1.1_spec-1.1.jar:/home/sensor15/.m2/repository/javax/servlet/servlet-api/2.3/servlet-api-2.3.jar:/home/sensor15/.m2/repository/commons-httpclient/commons-httpclient/3.1/commons-httpclient-3.1.jar:/home/sensor15/.m2/repository/commons-codec/commons-codec/1.4/commons-codec-1.4.jar:/home/sensor15/.m2/repository/commons-fileupload/commons-fileupload/1.2/commons-fileupload-1.2.jar:/home/sensor15/.m2/repository/wsdl4j/wsdl4j/1.6.2/wsdl4j-1.6.2.jar:/home/sensor15/.m2/repository/org/apache/ws/commons/schema/XmlSchema/1.4.7/XmlSchema-1.4.7.jar:/home/sensor15/.m2/repository/org/apache/neethi/neethi/3.0.1/neethi-3.0.1.jar:/home/sensor15/.m2/repository/org/apache/woden/woden-api/1.0M9/woden-api-1.0M9.jar:/home/sensor15/.m2/repository/org/apache/woden/woden-impl-dom/1.0M9/woden-impl-dom-1.0M9.jar:/home/sensor15/.m2/repository/org/apache/woden/woden-impl-commons/1.0M9/woden-impl-commons-1.0M9.jar:/home/sensor15/.m2/repository/javax/ws/rs/jsr311-api/1.0/jsr311-api-1.0.jar:/home/sensor15/.m2/repository/org/apache/axis2/axis2-transport-http/1.6.1/axis2-transport-http-1.6.1.jar:/home/sensor15/.m2/repository/org/apache/httpcomponents/httpcore/4.2-beta1/httpcore-4.2-beta1.jar:/home/sensor15/.m2/repository/org/apache/axis2/axis2-transport-local/1.6.1/axis2-transport-local-1.6.1.jar:/home/sensor15/.m2/repository/org/apache/axis2/axis2-adb/1.6.1/axis2-adb-1.6.1.jar:/home/sensor15/.m2/repository/org/apache/activemq/activemq-core/5.5.0/activemq-core-5.5.0.jar:/home/sensor15/.m2/repository/org/apache/activemq/activeio-core/3.1.2/activeio-core-3.1.2.jar:/home/sensor15/.m2/repository/org/apache/geronimo/specs/geronimo-j2ee-management_1.1_spec/1.0.1/geronimo-j2ee-management_1.1_spec-1.0.1.jar:/home/sensor15/.m2/repository/org/apache/activemq/kahadb/5.5.0/kahadb-5.5.0.jar:/home/sensor15/.m2/repository/org/apache/activemq/protobuf/activemq-protobuf/1.1/activemq-protobuf-1.1.jar:/home/sensor15/.m2/repository/org/osgi/org.osgi.core/4.1.0/org.osgi.core-4.1.0.jar:/home/sensor15/.m2/repository/org/springframework/spring-context/3.0.3.RELEASE/spring-context-3.0.3.RELEASE.jar:/home/sensor15/.m2/repository/org/springframework/spring-aop/3.0.3.RELEASE/spring-aop-3.0.3.RELEASE.jar:/home/sensor15/.m2/repository/aopalliance/aopalliance/1.0/aopalliance-1.0.jar:/home/sensor15/.m2/repository/org/springframework/spring-asm/3.0.3.RELEASE/spring-asm-3.0.3.RELEASE.jar:/home/sensor15/.m2/repository/org/springframework/spring-beans/3.0.3.RELEASE/spring-beans-3.0.3.RELEASE.jar:/home/sensor15/.m2/repository/org/springframework/spring-core/3.0.3.RELEASE/spring-core-3.0.3.RELEASE.jar:/home/sensor15/.m2/repository/org/springframework/spring-expression/3.0.3.RELEASE/spring-expression-3.0.3.RELEASE.jar:/home/sensor15/.m2/repository/commons-net/commons-net/2.0/commons-net-2.0.jar:/home/sensor15/.m2/repository/org/jasypt/jasypt/1.7/jasypt-1.7.jar:/home/sensor15/IoTCloud/modules/streaming-server/target/iotcloud-streaming-server-1.0-SNAPSHOT.jar:/home/sensor15/.m2/repository/org/jboss/errai/io/netty/netty/4.0.0.Alpha1.errai.r1/netty-4.0.0.Alpha1.errai.r1.jar:/home/sensor15/.m2/repository/org/apache/httpcomponents/httpcore-nio/4.2-beta1/httpcore-nio-4.2-beta1.jar:/home/sensor15/.m2/repository/org/eclipse/jdt/core/compiler/ecj/3.7.1/ecj-3.7.1.jar:/home/sensor15/.m2/repository/org/apache/tomcat/embed/tomcat-embed-core/7.0.27/tomcat-embed-core-7.0.27.jar:/home/sensor15/.m2/repository/org/apache/tomcat/embed/tomcat-embed-logging-juli/7.0.27/tomcat-embed-logging-juli-7.0.27.jar:/home/sensor15/.m2/repository/org/apache/tomcat/embed/tomcat-embed-logging-log4j/7.0.27/tomcat-embed-logging-log4j-7.0.27.jar:/home/sensor15/.m2/repository/org/apache/tomcat/embed/tomcat-embed-jasper/7.0.27/tomcat-embed-jasper-7.0.27.jar:/home/sensor15/.m2/repository/org/jboss/resteasy/resteasy-jaxrs/2.1.0.GA/resteasy-jaxrs-2.1.0.GA.jar:/home/sensor15/.m2/repository/org/jboss/resteasy/jaxrs-api/2.1.0.GA/jaxrs-api-2.1.0.GA.jar:/home/sensor15/.m2/repository/org/scannotation/scannotation/1.0.2/scannotation-1.0.2.jar:/home/sensor15/.m2/repository/javassist/javassist/3.6.0.GA/javassist-3.6.0.GA.jar:/home/sensor15/.m2/repository/javax/annotation/jsr250-api/1.0/jsr250-api-1.0.jar:/home/sensor15/.m2/repository/javax/activation/activation/1.1/activation-1.1.jar:/home/sensor15/.m2/repository/org/apache/httpcomponents/httpclient/4.2-beta1/httpclient-4.2-beta1.jar:/home/sensor15/.m2/repository/net/jcip/jcip-annotations/1.0/jcip-annotations-1.0.jar:/home/sensor15/.m2/repository/org/apache/jackrabbit/jackrabbit-core/2.4.3/jackrabbit-core-2.4.3.jar:/home/sensor15/.m2/repository/concurrent/concurrent/1.3.4/concurrent-1.3.4.jar:/home/sensor15/.m2/repository/commons-collections/commons-collections/3.2.1/commons-collections-3.2.1.jar:/home/sensor15/.m2/repository/commons-io/commons-io/1.4/commons-io-1.4.jar:/home/sensor15/.m2/repository/commons-dbcp/commons-dbcp/1.3/commons-dbcp-1.3.jar:/home/sensor15/.m2/repository/commons-pool/commons-pool/1.6/commons-pool-1.6.jar:/home/sensor15/.m2/repository/org/apache/jackrabbit/jackrabbit-api/2.4.3/jackrabbit-api-2.4.3.jar:/home/sensor15/.m2/repository/org/apache/jackrabbit/jackrabbit-jcr-commons/2.4.3/jackrabbit-jcr-commons-2.4.3.jar:/home/sensor15/.m2/repository/org/apache/jackrabbit/jackrabbit-spi-commons/2.4.3/jackrabbit-spi-commons-2.4.3.jar:/home/sensor15/.m2/repository/org/apache/jackrabbit/jackrabbit-spi/2.4.3/jackrabbit-spi-2.4.3.jar:/home/sensor15/.m2/repository/org/apache/tika/tika-core/1.0/tika-core-1.0.jar:/home/sensor15/.m2/repository/org/apache/lucene/lucene-core/3.0.3/lucene-core-3.0.3.jar:/home/sensor15/.m2/repository/org/apache/derby/derby/10.5.3.0_1/derby-10.5.3.0_1.jar:/home/sensor15/.m2/repository/org/apache/jackrabbit/jackrabbit-jcr-rmi/2.4.3/jackrabbit-jcr-rmi-2.4.3.jar:/home/sensor15/.m2/repository/javax/jcr/jcr/2.0/jcr-2.0.jar:/home/sensor15/IoTCloud/modules/sensors/target/iotcloud-sensors-1.0-SNAPSHOT.jar:/home/sensor15/.m2/repository/org/apache/axis2/axis2-codegen/1.6.1/axis2-codegen-1.6.1.jar:/home/sensor15/.m2/repository/org/apache/axis2/axis2-adb-codegen/1.6.1/axis2-adb-codegen-1.6.1.jar:/home/sensor15/.m2/repository/commons-cli/commons-cli/1.2/commons-cli-1.2.jar:/home/sensor15/IoTCloud/modules/http-api/target/iotcloud-http-api-1.0-SNAPSHOT.jar:/home/sensor15/.m2/repository/org/jboss/resteasy/resteasy-jaxb-provider/2.1.0.GA/resteasy-jaxb-provider-2.1.0.GA.jar:/home/sensor15/.m2/repository/com/sun/xml/bind/jaxb-impl/2.1.12/jaxb-impl-2.1.12.jar:/home/sensor15/.m2/repository/javax/xml/bind/jaxb-api/2.1/jaxb-api-2.1.jar:/home/sensor15/.m2/repository/javax/xml/stream/stax-api/1.0/stax-api-1.0.jar:/home/sensor15/.m2/repository/com/sun/xml/stream/sjsxp/1.0.1/sjsxp-1.0.1.jar:/home/sensor15/.m2/repository/org/jboss/resteasy/resteasy-jettison-provider/2.1.0.GA/resteasy-jettison-provider-2.1.0.GA.jar:/home/sensor15/.m2/repository/org/codehaus/jettison/jettison/1.1/jettison-1.1.jar:/home/sensor15/IoTCloud/modules/clients/target/iotcloud-clients-1.0-SNAPSHOT.jar:/home/sensor15/.m2/repository/ros/rosjava_core/rosjava/0.0.0-SNAPSHOT/rosjava-0.0.0-SNAPSHOT.jar:/home/sensor15/.m2/repository/ros/rosjava_core/apache_xmlrpc_server/0.0.0-SNAPSHOT/apache_xmlrpc_server-0.0.0-SNAPSHOT.jar:/home/sensor15/.m2/repository/ros/rosjava_core/apache_xmlrpc_common/0.0.0-SNAPSHOT/apache_xmlrpc_common-0.0.0-SNAPSHOT.jar:/home/sensor15/.m2/repository/org/apache/ws/commons/ws-commons-util/1.0.1/ws-commons-util-1.0.1.jar:/home/sensor15/.m2/repository/junit/junit/3.8.1/junit-3.8.1.jar:/home/sensor15/.m2/repository/xml-apis/xml-apis/1.0.b2/xml-apis-1.0.b2.jar:/home/sensor15/.m2/repository/ros/rosjava_core/apache_xmlrpc_client/0.0.0-SNAPSHOT/apache_xmlrpc_client-0.0.0-SNAPSHOT.jar:/home/sensor15/.m2/repository/ros/rosjava_core/rosjava_bootstrap/0.0.0-SNAPSHOT/rosjava_bootstrap-0.0.0-SNAPSHOT.jar:/home/sensor15/.m2/repository/com/google/guava/guava/12.0/guava-12.0.jar:/home/sensor15/.m2/repository/com/google/code/findbugs/jsr305/1.3.9/jsr305-1.3.9.jar:/home/sensor15/.m2/repository/io/netty/netty/3.5.2.Final/netty-3.5.2.Final.jar:/home/sensor15/.m2/repository/ros/rosjava_core/rosjava_messages/0.0.0-SNAPSHOT/rosjava_messages-0.0.0-SNAPSHOT.jar:/home/sensor15/.m2/repository/dnsjava/dnsjava/2.1.1/dnsjava-2.1.1.jar:"/>
    <property name="java.vm.specification.version" value="1.7"/>
    <property name="sun.arch.data.model" value="64"/>
    <property name="java.home" value="/home/sensor15/idea/jdk1.7.0_09/jre"/>
    <property name="sun.java.command" value="/tmp/surefirebooter8318822312618635908.jar /tmp/surefire532617328964763417tmp /tmp/surefire3897455007700241837tmp"/>
    <property name="java.specification.vendor" value="Oracle Corporation"/>
    <property name="user.language" value="en"/>
    <property name="awt.toolkit" value="sun.awt.X11.XToolkit"/>
    <property name="java.vm.info" value="mixed mode"/>
    <property name="java.version" value="1.7.0_09"/>
    <property name="java.ext.dirs" value="/home/sensor15/idea/jdk1.7.0_09/jre/lib/ext:/usr/java/packages/lib/ext"/>
    <property name="sun.boot.class.path" value="/home/sensor15/idea/jdk1.7.0_09/jre/lib/resources.jar:/home/sensor15/idea/jdk1.7.0_09/jre/lib/rt.jar:/home/sensor15/idea/jdk1.7.0_09/jre/lib/sunrsasign.jar:/home/sensor15/idea/jdk1.7.0_09/jre/lib/jsse.jar:/home/sensor15/idea/jdk1.7.0_09/jre/lib/jce.jar:/home/sensor15/idea/jdk1.7.0_09/jre/lib/charsets.jar:/home/sensor15/idea/jdk1.7.0_09/jre/lib/jfr.jar:/home/sensor15/idea/jdk1.7.0_09/jre/classes"/>
    <property name="java.vendor" value="Oracle Corporation"/>
    <property name="localRepository" value="/home/sensor15/.m2/repository"/>
    <property name="file.separator" value="/"/>
    <property name="java.vendor.url.bug" value="http://bugreport.sun.com/bugreport/"/>
    <property name="sun.cpu.endian" value="little"/>
    <property name="sun.io.unicode.encoding" value="UnicodeLittle"/>
    <property name="sun.desktop" value="gnome"/>
    <property name="sun.cpu.isalist" value=""/>
  </properties>
  <testcase time="0.003" classname="cgl.iotcloud.samples.arducopter.AppTest" name="testApp"/>
</testsuite>